<?xml version="1.0" encoding="UTF-8"?>
<!-- Generated by org.testng.reporters.JUnitReportReporter -->
<testsuite skipped="0" hostname="Windows7-PC" name="com.allpay.qa.testcases.DepartmentsTest" tests="1" failures="0" timestamp="24 Nov 2018 06:20:26 GMT" time="37.143" errors="0">
  <testcase name="validateTitle" time="37.143" classname="com.allpay.qa.testcases.DepartmentsTest"/>
</testsuite> <!-- com.allpay.qa.testcases.DepartmentsTest -->
