<?xml version="1.0" encoding="UTF-8"?>
<!-- Generated by org.testng.reporters.JUnitReportReporter -->
<testsuite skipped="0" hostname="Windows7-PC" name="com.allpay.qa.testcases.HomePageTest" tests="2" failures="0" timestamp="23 Nov 2018 14:29:21 GMT" time="53.772" errors="0">
  <testcase name="ValidateUserAccount" time="26.509" classname="com.allpay.qa.testcases.HomePageTest"/>
  <testcase name="verifyUserName" time="27.263" classname="com.allpay.qa.testcases.HomePageTest"/>
</testsuite> <!-- com.allpay.qa.testcases.HomePageTest -->
