<?xml version="1.0" encoding="UTF-8"?>
<!-- Generated by org.testng.reporters.JUnitReportReporter -->
<testsuite skipped="0" hostname="Windows7-PC" name="com.allpay.qa.testcases.HomePageTest" tests="2" failures="0" timestamp="06 Dec 2018 04:16:16 GMT" time="63.425" errors="0">
  <testcase name="ValidateUserAccount" time="30.005" classname="com.allpay.qa.testcases.HomePageTest"/>
  <testcase name="verifyUserName" time="33.420" classname="com.allpay.qa.testcases.HomePageTest"/>
</testsuite> <!-- com.allpay.qa.testcases.HomePageTest -->
