<?xml version="1.0" encoding="UTF-8"?>
<!-- Generated by org.testng.reporters.JUnitReportReporter -->
<testsuite skipped="0" hostname="Windows7-PC" name="com.allpay.qa.testcases.LoginPageTest" tests="3" failures="0" timestamp="06 Dec 2018 04:16:16 GMT" time="63.423" errors="0">
  <testcase name="loginPageTitle" time="14.236" classname="com.allpay.qa.testcases.LoginPageTest"/>
  <testcase name="logoTest" time="16.311" classname="com.allpay.qa.testcases.LoginPageTest"/>
  <testcase name="loginTst" time="32.876" classname="com.allpay.qa.testcases.LoginPageTest"/>
</testsuite> <!-- com.allpay.qa.testcases.LoginPageTest -->
