<?xml version="1.0" encoding="UTF-8"?>
<!-- Generated by org.testng.reporters.JUnitReportReporter -->
<testsuite skipped="0" hostname="Windows7-PC" name="com.allpay.qa.testcases.NewUserTest" tests="3" failures="0" timestamp="06 Dec 2018 04:16:16 GMT" time="65.197" errors="0">
  <testcase name="regPage" time="22.124" classname="com.allpay.qa.testcases.NewUserTest"/>
  <testcase name="regPage" time="23.422" classname="com.allpay.qa.testcases.NewUserTest"/>
  <testcase name="regPageTitle" time="19.651" classname="com.allpay.qa.testcases.NewUserTest"/>
</testsuite> <!-- com.allpay.qa.testcases.NewUserTest -->
